{
  "stats": {
    "suites": 3,
    "tests": 25,
    "passes": 25,
    "pending": 0,
    "failures": 0,
    "start": "2022-01-25T08:51:32.790Z",
    "end": "2022-01-25T08:51:57.976Z",
    "duration": 20124,
    "testsRegistered": 25,
    "passPercent": 100,
    "pendingPercent": 0,
    "other": 0,
    "hasOther": false,
    "skipped": 0,
    "hasSkipped": false
  },
  "results": [
    {
      "uuid": "78dd8011-445e-410b-b839-04e73babc07a",
      "title": "",
      "fullFile": "cypress/integration/testing/aliasing.spec.js",
      "file": "cypress/integration/testing/aliasing.spec.js",
      "beforeHooks": [],
      "afterHooks": [],
      "tests": [],
      "suites": [
        {
          "uuid": "ef5ffca5-613b-4997-92a7-e91175fe2fd0",
          "title": "Aliasing",
          "fullFile": "",
          "file": "",
          "beforeHooks": [],
          "afterHooks": [],
          "tests": [
            {
              "title": ".as() - alias a DOM element for later use",
              "fullTitle": "Aliasing .as() - alias a DOM element for later use",
              "timedOut": null,
              "duration": 504,
              "state": "passed",
              "speed": "fast",
              "pass": true,
              "fail": false,
              "pending": false,
              "context": null,
              "code": "// https://on.cypress.io/as\n// Alias a DOM element for use later\n// We don't have to traverse to the element\n// later in our code, we reference it with @\ncy.get('.as-table').find('tbody>tr').first().find('td').first().find('button').as('firstBtn'); // when we reference the alias, we place an\n// @ in front of its name\ncy.get('@firstBtn').click();\ncy.get('@firstBtn').should('have.class', 'btn-success').and('contain', 'Changed');",
              "err": {},
              "uuid": "8bc8fbf7-d4ef-4ec6-ac50-cac394d2f9b7",
              "parentUUID": "ef5ffca5-613b-4997-92a7-e91175fe2fd0",
              "isHook": false,
              "skipped": false
            },
            {
              "title": ".as() - alias a route for later use",
              "fullTitle": "Aliasing .as() - alias a route for later use",
              "timedOut": null,
              "duration": 652,
              "state": "passed",
              "speed": "fast",
              "pass": true,
              "fail": false,
              "pending": false,
              "context": null,
              "code": "// Alias the route to wait for its response\ncy.intercept('GET', '**/comments/*').as('getComment'); // we have code that gets a comment when\n// the button is clicked in scripts.js\ncy.get('.network-btn').click(); // https://on.cypress.io/wait\ncy.wait('@getComment').its('response.statusCode').should('eq', 200);",
              "err": {},
              "uuid": "4929ec8d-aedc-4780-87d7-39d3a366538f",
              "parentUUID": "ef5ffca5-613b-4997-92a7-e91175fe2fd0",
              "isHook": false,
              "skipped": false
            }
          ],
          "suites": [],
          "passes": [
            "8bc8fbf7-d4ef-4ec6-ac50-cac394d2f9b7",
            "4929ec8d-aedc-4780-87d7-39d3a366538f"
          ],
          "failures": [],
          "pending": [],
          "skipped": [],
          "duration": 1156,
          "root": false,
          "rootEmpty": false,
          "_timeout": 2000
        }
      ],
      "passes": [],
      "failures": [],
      "pending": [],
      "skipped": [],
      "duration": 0,
      "root": true,
      "rootEmpty": true,
      "_timeout": 2000
    },
    {
      "uuid": "51ada656-e159-4251-a6be-87e983f5186c",
      "title": "",
      "fullFile": "cypress/integration/testing/assertions.spec.js",
      "file": "cypress/integration/testing/assertions.spec.js",
      "beforeHooks": [],
      "afterHooks": [],
      "tests": [],
      "suites": [
        {
          "uuid": "4563b78f-5cb5-40bd-8573-5583c3f6b1c5",
          "title": "Assertions",
          "fullFile": "",
          "file": "",
          "beforeHooks": [],
          "afterHooks": [],
          "tests": [],
          "suites": [
            {
              "uuid": "ae3a7ed1-54cc-4e6e-b39f-463e0bdbc032",
              "title": "Implicit Assertions",
              "fullFile": "",
              "file": "",
              "beforeHooks": [],
              "afterHooks": [],
              "tests": [
                {
                  "title": ".should() - make an assertion about the current subject",
                  "fullTitle": "Assertions Implicit Assertions .should() - make an assertion about the current subject",
                  "timedOut": null,
                  "duration": 673,
                  "state": "passed",
                  "speed": "fast",
                  "pass": true,
                  "fail": false,
                  "pending": false,
                  "context": null,
                  "code": "// https://on.cypress.io/should\ncy.get('.assertion-table').find('tbody tr:last').should('have.class', 'success').find('td').first() // checking the text of the <td> element in various ways\n.should('have.text', 'Column content').should('contain', 'Column content').should('have.html', 'Column content') // chai-jquery uses \"is()\" to check if element matches selector\n.should('match', 'td') // to match text content against a regular expression\n// first need to invoke jQuery method text()\n// and then match using regular expression\n.invoke('text').should('match', /column content/i); // a better way to check element's text content against a regular expression\n// is to use \"cy.contains\"\n// https://on.cypress.io/contains\ncy.get('.assertion-table').find('tbody tr:last') // finds first <td> element with text content matching regular expression\n.contains('td', /column content/i).should('be.visible'); // for more information about asserting element's text\n// see https://on.cypress.io/using-cypress-faq#How-do-I-get-an-element’s-text-contents",
                  "err": {},
                  "uuid": "17ead84c-14d8-45b3-bbc3-347f71841d7d",
                  "parentUUID": "ae3a7ed1-54cc-4e6e-b39f-463e0bdbc032",
                  "isHook": false,
                  "skipped": false
                },
                {
                  "title": ".and() - chain multiple assertions together",
                  "fullTitle": "Assertions Implicit Assertions .and() - chain multiple assertions together",
                  "timedOut": null,
                  "duration": 257,
                  "state": "passed",
                  "speed": "fast",
                  "pass": true,
                  "fail": false,
                  "pending": false,
                  "context": null,
                  "code": "// https://on.cypress.io/and\ncy.get('.assertions-link').should('have.class', 'active').and('have.attr', 'href').and('include', 'cypress.io');",
                  "err": {},
                  "uuid": "9c21f04d-71f5-4d10-80a0-9eb613bed79c",
                  "parentUUID": "ae3a7ed1-54cc-4e6e-b39f-463e0bdbc032",
                  "isHook": false,
                  "skipped": false
                }
              ],
              "suites": [],
              "passes": [
                "17ead84c-14d8-45b3-bbc3-347f71841d7d",
                "9c21f04d-71f5-4d10-80a0-9eb613bed79c"
              ],
              "failures": [],
              "pending": [],
              "skipped": [],
              "duration": 930,
              "root": false,
              "rootEmpty": false,
              "_timeout": 2000
            },
            {
              "uuid": "0261595e-a0af-4283-99cc-8ef22ad54b36",
              "title": "Explicit Assertions",
              "fullFile": "",
              "file": "",
              "beforeHooks": [],
              "afterHooks": [],
              "tests": [
                {
                  "title": "expect - make an assertion about a specified subject",
                  "fullTitle": "Assertions Explicit Assertions expect - make an assertion about a specified subject",
                  "timedOut": null,
                  "duration": 149,
                  "state": "passed",
                  "speed": "fast",
                  "pass": true,
                  "fail": false,
                  "pending": false,
                  "context": null,
                  "code": "// We can use Chai's BDD style assertions\nexpect(true).to.be.true;\nconst o = {\n  foo: 'bar'\n};\nexpect(o).to.equal(o);\nexpect(o).to.deep.equal({\n  foo: 'bar'\n}); // matching text using regular expression\nexpect('FooBar').to.match(/bar$/i);",
                  "err": {},
                  "uuid": "2eea52e5-0f04-4838-8860-db788d36d31b",
                  "parentUUID": "0261595e-a0af-4283-99cc-8ef22ad54b36",
                  "isHook": false,
                  "skipped": false
                },
                {
                  "title": "pass your own callback function to should()",
                  "fullTitle": "Assertions Explicit Assertions pass your own callback function to should()",
                  "timedOut": null,
                  "duration": 148,
                  "state": "passed",
                  "speed": "fast",
                  "pass": true,
                  "fail": false,
                  "pending": false,
                  "context": null,
                  "code": "// Pass a function to should that can have any number\n// of explicit assertions within it.\n// The \".should(cb)\" function will be retried\n// automatically until it passes all your explicit assertions or times out.\ncy.get('.assertions-p').find('p').should($p => {\n  // https://on.cypress.io/$\n  // return an array of texts from all of the p's\n  // @ts-ignore TS6133 unused variable\n  const texts = $p.map((i, el) => Cypress.$(el).text()); // jquery map returns jquery object\n  // and .get() convert this to simple array\n  const paragraphs = texts.get(); // array should have length of 3\n  expect(paragraphs, 'has 3 paragraphs').to.have.length(3); // use second argument to expect(...) to provide clear\n  // message with each assertion\n  expect(paragraphs, 'has expected text in each paragraph').to.deep.eq(['Some text from first p', 'More text from second p', 'And even more text from third p']);\n});",
                  "err": {},
                  "uuid": "d0dc0c1d-db23-43f6-965a-8b45a9bef47b",
                  "parentUUID": "0261595e-a0af-4283-99cc-8ef22ad54b36",
                  "isHook": false,
                  "skipped": false
                },
                {
                  "title": "finds element by class name regex",
                  "fullTitle": "Assertions Explicit Assertions finds element by class name regex",
                  "timedOut": null,
                  "duration": 154,
                  "state": "passed",
                  "speed": "fast",
                  "pass": true,
                  "fail": false,
                  "pending": false,
                  "context": null,
                  "code": "cy.get('.docs-header').find('div') // .should(cb) callback function will be retried\n.should($div => {\n  expect($div).to.have.length(1);\n  const className = $div[0].className;\n  expect(className).to.match(/heading-/);\n}) // .then(cb) callback is not retried,\n// it either passes or fails\n.then($div => {\n  expect($div, 'text content').to.have.text('Introduction');\n});",
                  "err": {},
                  "uuid": "3550594c-35d3-431f-819d-63753a48db44",
                  "parentUUID": "0261595e-a0af-4283-99cc-8ef22ad54b36",
                  "isHook": false,
                  "skipped": false
                },
                {
                  "title": "can throw any error",
                  "fullTitle": "Assertions Explicit Assertions can throw any error",
                  "timedOut": null,
                  "duration": 135,
                  "state": "passed",
                  "speed": "fast",
                  "pass": true,
                  "fail": false,
                  "pending": false,
                  "context": null,
                  "code": "cy.get('.docs-header').find('div').should($div => {\n  if ($div.length !== 1) {\n    // you can throw your own errors\n    throw new Error('Did not find 1 element');\n  }\n  const className = $div[0].className;\n  if (!className.match(/heading-/)) {\n    throw new Error(`Could not find class \"heading-\" in ${className}`);\n  }\n});",
                  "err": {},
                  "uuid": "96fe5ca5-713a-4be3-b7d9-db36e6fcfd56",
                  "parentUUID": "0261595e-a0af-4283-99cc-8ef22ad54b36",
                  "isHook": false,
                  "skipped": false
                },
                {
                  "title": "matches unknown text between two elements",
                  "fullTitle": "Assertions Explicit Assertions matches unknown text between two elements",
                  "timedOut": null,
                  "duration": 136,
                  "state": "passed",
                  "speed": "fast",
                  "pass": true,
                  "fail": false,
                  "pending": false,
                  "context": null,
                  "code": "/**\n * Text from the first element.\n * @type {string}\n*/\nlet text;\n/**\n * Normalizes passed text,\n * useful before comparing text with spaces and different capitalization.\n * @param {string} s Text to normalize\n*/\nconst normalizeText = s => s.replace(/\\s/g, '').toLowerCase();\ncy.get('.two-elements').find('.first').then($first => {\n  // save text from the first element\n  text = normalizeText($first.text());\n});\ncy.get('.two-elements').find('.second').should($div => {\n  // we can massage text before comparing\n  const secondText = normalizeText($div.text());\n  expect(secondText, 'second text').to.equal(text);\n});",
                  "err": {},
                  "uuid": "20f612bf-146e-49af-8e5c-74f63b084e66",
                  "parentUUID": "0261595e-a0af-4283-99cc-8ef22ad54b36",
                  "isHook": false,
                  "skipped": false
                },
                {
                  "title": "assert - assert shape of an object",
                  "fullTitle": "Assertions Explicit Assertions assert - assert shape of an object",
                  "timedOut": null,
                  "duration": 121,
                  "state": "passed",
                  "speed": "fast",
                  "pass": true,
                  "fail": false,
                  "pending": false,
                  "context": null,
                  "code": "const person = {\n  name: 'Joe',\n  age: 20\n};\nassert.isObject(person, 'value is object');",
                  "err": {},
                  "uuid": "29de06bd-a814-442b-aa10-5dd56673dfb3",
                  "parentUUID": "0261595e-a0af-4283-99cc-8ef22ad54b36",
                  "isHook": false,
                  "skipped": false
                },
                {
                  "title": "retries the should callback until assertions pass",
                  "fullTitle": "Assertions Explicit Assertions retries the should callback until assertions pass",
                  "timedOut": null,
                  "duration": 1620,
                  "state": "passed",
                  "speed": "fast",
                  "pass": true,
                  "fail": false,
                  "pending": false,
                  "context": null,
                  "code": "cy.get('#random-number').should($div => {\n  const n = parseFloat($div.text());\n  expect(n).to.be.gte(1).and.be.lte(10);\n});",
                  "err": {},
                  "uuid": "bcb28497-323a-4763-a9e7-81b28c3e9004",
                  "parentUUID": "0261595e-a0af-4283-99cc-8ef22ad54b36",
                  "isHook": false,
                  "skipped": false
                }
              ],
              "suites": [],
              "passes": [
                "2eea52e5-0f04-4838-8860-db788d36d31b",
                "d0dc0c1d-db23-43f6-965a-8b45a9bef47b",
                "3550594c-35d3-431f-819d-63753a48db44",
                "96fe5ca5-713a-4be3-b7d9-db36e6fcfd56",
                "20f612bf-146e-49af-8e5c-74f63b084e66",
                "29de06bd-a814-442b-aa10-5dd56673dfb3",
                "bcb28497-323a-4763-a9e7-81b28c3e9004"
              ],
              "failures": [],
              "pending": [],
              "skipped": [],
              "duration": 2463,
              "root": false,
              "rootEmpty": false,
              "_timeout": 2000
            }
          ],
          "passes": [],
          "failures": [],
          "pending": [],
          "skipped": [],
          "duration": 0,
          "root": false,
          "rootEmpty": false,
          "_timeout": 2000
        }
      ],
      "passes": [],
      "failures": [],
      "pending": [],
      "skipped": [],
      "duration": 0,
      "root": true,
      "rootEmpty": true,
      "_timeout": 2000
    },
    {
      "uuid": "8b8991a1-35dc-456e-b067-917e068d36cc",
      "title": "",
      "fullFile": "cypress/integration/testing/actions.spec.js",
      "file": "cypress/integration/testing/actions.spec.js",
      "beforeHooks": [],
      "afterHooks": [],
      "tests": [],
      "suites": [
        {
          "uuid": "b99d34a8-b346-49df-84d4-3969a40ee2a1",
          "title": "Actions",
          "fullFile": "",
          "file": "",
          "beforeHooks": [],
          "afterHooks": [],
          "tests": [
            {
              "title": ".type() - type into a DOM element",
              "fullTitle": "Actions .type() - type into a DOM element",
              "timedOut": null,
              "duration": 4692,
              "state": "passed",
              "speed": "fast",
              "pass": true,
              "fail": false,
              "pending": false,
              "context": null,
              "code": "// https://on.cypress.io/type\ncy.get('.action-email').type('fake@email.com').should('have.value', 'fake@email.com') // .type() with special character sequences\n.type('{leftarrow}{rightarrow}{uparrow}{downarrow}').type('{del}{selectall}{backspace}') // .type() with key modifiers\n.type('{alt}{option}') //these are equivalent\n.type('{ctrl}{control}') //these are equivalent\n.type('{meta}{command}{cmd}') //these are equivalent\n.type('{shift}') // Delay each keypress by 0.1 sec\n.type('slow.typing@email.com', {\n  delay: 100\n}).should('have.value', 'slow.typing@email.com');\ncy.get('.action-disabled') // Ignore error checking prior to type\n// like whether the input is visible or disabled\n.type('disabled error checking', {\n  force: true\n}).should('have.value', 'disabled error checking');",
              "err": {},
              "uuid": "9fa98bcc-cb8e-4e80-860f-5c12a80b5dcd",
              "parentUUID": "b99d34a8-b346-49df-84d4-3969a40ee2a1",
              "isHook": false,
              "skipped": false
            },
            {
              "title": ".focus() - focus on a DOM element",
              "fullTitle": "Actions .focus() - focus on a DOM element",
              "timedOut": null,
              "duration": 190,
              "state": "passed",
              "speed": "fast",
              "pass": true,
              "fail": false,
              "pending": false,
              "context": null,
              "code": "// https://on.cypress.io/focus\ncy.get('.action-focus').focus().should('have.class', 'focus').prev().should('have.attr', 'style', 'color: orange;');",
              "err": {},
              "uuid": "81789c7b-e863-4a87-8b0c-2ffe060175fc",
              "parentUUID": "b99d34a8-b346-49df-84d4-3969a40ee2a1",
              "isHook": false,
              "skipped": false
            },
            {
              "title": ".blur() - blur off a DOM element",
              "fullTitle": "Actions .blur() - blur off a DOM element",
              "timedOut": null,
              "duration": 486,
              "state": "passed",
              "speed": "fast",
              "pass": true,
              "fail": false,
              "pending": false,
              "context": null,
              "code": "// https://on.cypress.io/blur\ncy.get('.action-blur').type('About to blur').blur().should('have.class', 'error').prev().should('have.attr', 'style', 'color: red;');",
              "err": {},
              "uuid": "4eaba34c-b267-4cc7-93cc-3162d7f348a2",
              "parentUUID": "b99d34a8-b346-49df-84d4-3969a40ee2a1",
              "isHook": false,
              "skipped": false
            },
            {
              "title": ".clear() - clears an input or textarea element",
              "fullTitle": "Actions .clear() - clears an input or textarea element",
              "timedOut": null,
              "duration": 591,
              "state": "passed",
              "speed": "fast",
              "pass": true,
              "fail": false,
              "pending": false,
              "context": null,
              "code": "// https://on.cypress.io/clear\ncy.get('.action-clear').type('Clear this text').should('have.value', 'Clear this text').clear().should('have.value', '');",
              "err": {},
              "uuid": "0e33a3d6-0813-45ee-b19b-c46751eb9c45",
              "parentUUID": "b99d34a8-b346-49df-84d4-3969a40ee2a1",
              "isHook": false,
              "skipped": false
            },
            {
              "title": ".submit() - submit a form",
              "fullTitle": "Actions .submit() - submit a form",
              "timedOut": null,
              "duration": 454,
              "state": "passed",
              "speed": "fast",
              "pass": true,
              "fail": false,
              "pending": false,
              "context": null,
              "code": "// https://on.cypress.io/submit\ncy.get('.action-form').find('[type=\"text\"]').type('HALFOFF');\ncy.get('.action-form').submit().next().should('contain', 'Your form has been submitted!');",
              "err": {},
              "uuid": "660fcdc7-0f2d-4bd7-b87d-5a2c8edcc296",
              "parentUUID": "b99d34a8-b346-49df-84d4-3969a40ee2a1",
              "isHook": false,
              "skipped": false
            },
            {
              "title": ".click() - click on a DOM element",
              "fullTitle": "Actions .click() - click on a DOM element",
              "timedOut": null,
              "duration": 2819,
              "state": "passed",
              "speed": "fast",
              "pass": true,
              "fail": false,
              "pending": false,
              "context": null,
              "code": "// https://on.cypress.io/click\ncy.get('.action-btn').click(); // You can click on 9 specific positions of an element:\n//  -----------------------------------\n// | topLeft        top       topRight |\n// |                                   |\n// |                                   |\n// |                                   |\n// | left          center        right |\n// |                                   |\n// |                                   |\n// |                                   |\n// | bottomLeft   bottom   bottomRight |\n//  -----------------------------------\n// clicking in the center of the element is the default\ncy.get('#action-canvas').click();\ncy.get('#action-canvas').click('topLeft');\ncy.get('#action-canvas').click('top');\ncy.get('#action-canvas').click('topRight');\ncy.get('#action-canvas').click('left');\ncy.get('#action-canvas').click('right');\ncy.get('#action-canvas').click('bottomLeft');\ncy.get('#action-canvas').click('bottom');\ncy.get('#action-canvas').click('bottomRight'); // .click() accepts an x and y coordinate\n// that controls where the click occurs :)\ncy.get('#action-canvas').click(80, 75) // click 80px on x coord and 75px on y coord\n.click(170, 75).click(80, 165).click(100, 185).click(125, 190).click(150, 185).click(170, 165); // click multiple elements by passing multiple: true\ncy.get('.action-labels>.label').click({\n  multiple: true\n}); // Ignore error checking prior to clicking\ncy.get('.action-opacity>.btn').click({\n  force: true\n});",
              "err": {},
              "uuid": "283d38e4-6176-4498-b931-feef85a76a03",
              "parentUUID": "b99d34a8-b346-49df-84d4-3969a40ee2a1",
              "isHook": false,
              "skipped": false
            },
            {
              "title": ".dblclick() - double click on a DOM element",
              "fullTitle": "Actions .dblclick() - double click on a DOM element",
              "timedOut": null,
              "duration": 272,
              "state": "passed",
              "speed": "fast",
              "pass": true,
              "fail": false,
              "pending": false,
              "context": null,
              "code": "// https://on.cypress.io/dblclick\n// Our app has a listener on 'dblclick' event in our 'scripts.js'\n// that hides the div and shows an input on double click\ncy.get('.action-div').dblclick().should('not.be.visible');\ncy.get('.action-input-hidden').should('be.visible');",
              "err": {},
              "uuid": "a2efb669-c499-4cfe-a7ec-653098345fbd",
              "parentUUID": "b99d34a8-b346-49df-84d4-3969a40ee2a1",
              "isHook": false,
              "skipped": false
            },
            {
              "title": ".rightclick() - right click on a DOM element",
              "fullTitle": "Actions .rightclick() - right click on a DOM element",
              "timedOut": null,
              "duration": 256,
              "state": "passed",
              "speed": "fast",
              "pass": true,
              "fail": false,
              "pending": false,
              "context": null,
              "code": "// https://on.cypress.io/rightclick\n// Our app has a listener on 'contextmenu' event in our 'scripts.js'\n// that hides the div and shows an input on right click\ncy.get('.rightclick-action-div').rightclick().should('not.be.visible');\ncy.get('.rightclick-action-input-hidden').should('be.visible');",
              "err": {},
              "uuid": "5416324f-17bd-41e1-af54-9f96a8a9ba53",
              "parentUUID": "b99d34a8-b346-49df-84d4-3969a40ee2a1",
              "isHook": false,
              "skipped": false
            },
            {
              "title": ".check() - check a checkbox or radio element",
              "fullTitle": "Actions .check() - check a checkbox or radio element",
              "timedOut": null,
              "duration": 1072,
              "state": "passed",
              "speed": "fast",
              "pass": true,
              "fail": false,
              "pending": false,
              "context": null,
              "code": "// https://on.cypress.io/check\n// By default, .check() will check all\n// matching checkbox or radio elements in succession, one after another\ncy.get('.action-checkboxes [type=\"checkbox\"]').not('[disabled]').check().should('be.checked');\ncy.get('.action-radios [type=\"radio\"]').not('[disabled]').check().should('be.checked'); // .check() accepts a value argument\ncy.get('.action-radios [type=\"radio\"]').check('radio1').should('be.checked'); // .check() accepts an array of values\ncy.get('.action-multiple-checkboxes [type=\"checkbox\"]').check(['checkbox1', 'checkbox2']).should('be.checked'); // Ignore error checking prior to checking\ncy.get('.action-checkboxes [disabled]').check({\n  force: true\n}).should('be.checked');\ncy.get('.action-radios [type=\"radio\"]').check('radio3', {\n  force: true\n}).should('be.checked');",
              "err": {},
              "uuid": "efe7bc19-be28-48ca-a233-10f8effa0fd5",
              "parentUUID": "b99d34a8-b346-49df-84d4-3969a40ee2a1",
              "isHook": false,
              "skipped": false
            },
            {
              "title": ".uncheck() - uncheck a checkbox element",
              "fullTitle": "Actions .uncheck() - uncheck a checkbox element",
              "timedOut": null,
              "duration": 1099,
              "state": "passed",
              "speed": "fast",
              "pass": true,
              "fail": false,
              "pending": false,
              "context": null,
              "code": "// https://on.cypress.io/uncheck\n// By default, .uncheck() will uncheck all matching\n// checkbox elements in succession, one after another\ncy.get('.action-check [type=\"checkbox\"]').not('[disabled]').uncheck().should('not.be.checked'); // .uncheck() accepts a value argument\ncy.get('.action-check [type=\"checkbox\"]').check('checkbox1').uncheck('checkbox1').should('not.be.checked'); // .uncheck() accepts an array of values\ncy.get('.action-check [type=\"checkbox\"]').check(['checkbox1', 'checkbox3']).uncheck(['checkbox1', 'checkbox3']).should('not.be.checked'); // Ignore error checking prior to unchecking\ncy.get('.action-check [disabled]').uncheck({\n  force: true\n}).should('not.be.checked');",
              "err": {},
              "uuid": "d77c9030-8bca-40ff-80ee-04ab08e02d62",
              "parentUUID": "b99d34a8-b346-49df-84d4-3969a40ee2a1",
              "isHook": false,
              "skipped": false
            },
            {
              "title": ".select() - select an option in a <select> element",
              "fullTitle": "Actions .select() - select an option in a <select> element",
              "timedOut": null,
              "duration": 1048,
              "state": "passed",
              "speed": "fast",
              "pass": true,
              "fail": false,
              "pending": false,
              "context": null,
              "code": "// https://on.cypress.io/select\n// at first, no option should be selected\ncy.get('.action-select').should('have.value', '--Select a fruit--'); // Select option(s) with matching text content\ncy.get('.action-select').select('apples'); // confirm the apples were selected\n// note that each value starts with \"fr-\" in our HTML\ncy.get('.action-select').should('have.value', 'fr-apples');\ncy.get('.action-select-multiple').select(['apples', 'oranges', 'bananas']) // when getting multiple values, invoke \"val\" method first\n.invoke('val').should('deep.equal', ['fr-apples', 'fr-oranges', 'fr-bananas']); // Select option(s) with matching value\ncy.get('.action-select').select('fr-bananas') // can attach an assertion right away to the element\n.should('have.value', 'fr-bananas');\ncy.get('.action-select-multiple').select(['fr-apples', 'fr-oranges', 'fr-bananas']).invoke('val').should('deep.equal', ['fr-apples', 'fr-oranges', 'fr-bananas']); // assert the selected values include oranges\ncy.get('.action-select-multiple').invoke('val').should('include', 'fr-oranges');",
              "err": {},
              "uuid": "14b3bea0-314e-42d1-86e8-e55eb34d6571",
              "parentUUID": "b99d34a8-b346-49df-84d4-3969a40ee2a1",
              "isHook": false,
              "skipped": false
            },
            {
              "title": ".scrollIntoView() - scroll an element into view",
              "fullTitle": "Actions .scrollIntoView() - scroll an element into view",
              "timedOut": null,
              "duration": 211,
              "state": "passed",
              "speed": "fast",
              "pass": true,
              "fail": false,
              "pending": false,
              "context": null,
              "code": "// https://on.cypress.io/scrollintoview\n// normally all of these buttons are hidden,\n// because they're not within\n// the viewable area of their parent\n// (we need to scroll to see them)\ncy.get('#scroll-horizontal button').should('not.be.visible'); // scroll the button into view, as if the user had scrolled\ncy.get('#scroll-horizontal button').scrollIntoView().should('be.visible');\ncy.get('#scroll-vertical button').should('not.be.visible'); // Cypress handles the scroll direction needed\ncy.get('#scroll-vertical button').scrollIntoView().should('be.visible');\ncy.get('#scroll-both button').should('not.be.visible'); // Cypress knows to scroll to the right and down\ncy.get('#scroll-both button').scrollIntoView().should('be.visible');",
              "err": {},
              "uuid": "97d7011a-901a-4db5-b0d5-9036cc1070e6",
              "parentUUID": "b99d34a8-b346-49df-84d4-3969a40ee2a1",
              "isHook": false,
              "skipped": false
            },
            {
              "title": ".trigger() - trigger an event on a DOM element",
              "fullTitle": "Actions .trigger() - trigger an event on a DOM element",
              "timedOut": null,
              "duration": 201,
              "state": "passed",
              "speed": "fast",
              "pass": true,
              "fail": false,
              "pending": false,
              "context": null,
              "code": "// https://on.cypress.io/trigger\n// To interact with a range input (slider)\n// we need to set its value & trigger the\n// event to signal it changed\n// Here, we invoke jQuery's val() method to set\n// the value and trigger the 'change' event\ncy.get('.trigger-input-range').invoke('val', 25).trigger('change').get('input[type=range]').siblings('p').should('have.text', '25');",
              "err": {},
              "uuid": "8998d8ee-611e-412a-95e5-f607ad837b84",
              "parentUUID": "b99d34a8-b346-49df-84d4-3969a40ee2a1",
              "isHook": false,
              "skipped": false
            },
            {
              "title": "cy.scrollTo() - scroll the window or element to a position",
              "fullTitle": "Actions cy.scrollTo() - scroll the window or element to a position",
              "timedOut": null,
              "duration": 2184,
              "state": "passed",
              "speed": "fast",
              "pass": true,
              "fail": false,
              "pending": false,
              "context": null,
              "code": "// https://on.cypress.io/scrollto\n// You can scroll to 9 specific positions of an element:\n//  -----------------------------------\n// | topLeft        top       topRight |\n// |                                   |\n// |                                   |\n// |                                   |\n// | left          center        right |\n// |                                   |\n// |                                   |\n// |                                   |\n// | bottomLeft   bottom   bottomRight |\n//  -----------------------------------\n// if you chain .scrollTo() off of cy, we will\n// scroll the entire window\ncy.scrollTo('bottom');\ncy.get('#scrollable-horizontal').scrollTo('right'); // or you can scroll to a specific coordinate:\n// (x axis, y axis) in pixels\ncy.get('#scrollable-vertical').scrollTo(250, 250); // or you can scroll to a specific percentage\n// of the (width, height) of the element\ncy.get('#scrollable-both').scrollTo('75%', '25%'); // control the easing of the scroll (default is 'swing')\ncy.get('#scrollable-vertical').scrollTo('center', {\n  easing: 'linear'\n}); // control the duration of the scroll (in ms)\ncy.get('#scrollable-both').scrollTo('center', {\n  duration: 2000\n});",
              "err": {},
              "uuid": "87b7ae0b-8f64-4b98-badc-0d3a78deb253",
              "parentUUID": "b99d34a8-b346-49df-84d4-3969a40ee2a1",
              "isHook": false,
              "skipped": false
            }
          ],
          "suites": [],
          "passes": [
            "9fa98bcc-cb8e-4e80-860f-5c12a80b5dcd",
            "81789c7b-e863-4a87-8b0c-2ffe060175fc",
            "4eaba34c-b267-4cc7-93cc-3162d7f348a2",
            "0e33a3d6-0813-45ee-b19b-c46751eb9c45",
            "660fcdc7-0f2d-4bd7-b87d-5a2c8edcc296",
            "283d38e4-6176-4498-b931-feef85a76a03",
            "a2efb669-c499-4cfe-a7ec-653098345fbd",
            "5416324f-17bd-41e1-af54-9f96a8a9ba53",
            "efe7bc19-be28-48ca-a233-10f8effa0fd5",
            "d77c9030-8bca-40ff-80ee-04ab08e02d62",
            "14b3bea0-314e-42d1-86e8-e55eb34d6571",
            "97d7011a-901a-4db5-b0d5-9036cc1070e6",
            "8998d8ee-611e-412a-95e5-f607ad837b84",
            "87b7ae0b-8f64-4b98-badc-0d3a78deb253"
          ],
          "failures": [],
          "pending": [],
          "skipped": [],
          "duration": 15575,
          "root": false,
          "rootEmpty": false,
          "_timeout": 2000
        }
      ],
      "passes": [],
      "failures": [],
      "pending": [],
      "skipped": [],
      "duration": 0,
      "root": true,
      "rootEmpty": true,
      "_timeout": 2000
    }
  ],
  "meta": {
    "mocha": {
      "version": "7.0.1"
    },
    "mochawesome": {
      "options": {
        "quiet": false,
        "reportFilename": "mochawesome",
        "saveHtml": false,
        "saveJson": true,
        "consoleReporter": "spec",
        "useInlineDiffs": false,
        "code": true
      },
      "version": "7.0.1"
    },
    "marge": {
      "options": {
        "reportDir": "cypress/results",
        "overwrite": false,
        "html": false,
        "json": true
      },
      "version": "6.0.1"
    }
  }
}