<?xml version="1.0" encoding="UTF-8"?>
<testsuites name="Mocha Tests" time="2.2550" tests="2" failures="0">
  <testsuite name="Root Suite" timestamp="2022-01-24T10:42:49" tests="0" file="cypress/integration/testing/aliasing.spec.js" time="0.0000" failures="0">
  </testsuite>
  <testsuite name="Aliasing" timestamp="2022-01-24T10:42:49" tests="2" time="2.2380" failures="0">
    <testcase name="Aliasing .as() - alias a DOM element for later use" time="0.5120" classname=".as() - alias a DOM element for later use">
    </testcase>
    <testcase name="Aliasing .as() - alias a route for later use" time="0.8020" classname=".as() - alias a route for later use">
    </testcase>
  </testsuite>
</testsuites>