<?xml version="1.0" encoding="UTF-8"?>
<testsuites name="Mocha Tests" time="2.6380" tests="2" failures="0">
  <testsuite name="Root Suite" timestamp="2022-01-18T14:48:54" tests="0" file="cypress/integration/testing/aliasing.spec.js" time="0.0000" failures="0">
  </testsuite>
  <testsuite name="Aliasing" timestamp="2022-01-18T14:48:54" tests="2" time="2.6220" failures="0">
    <testcase name="Aliasing .as() - alias a DOM element for later use" time="0.8260" classname=".as() - alias a DOM element for later use">
    </testcase>
    <testcase name="Aliasing .as() - alias a route for later use" time="0.9510" classname=".as() - alias a route for later use">
    </testcase>
  </testsuite>
</testsuites>